<?xml version="1.0" encoding="utf-8"?>
<TestRun id="eee9087d-f642-4cfa-aa80-a8ddded30f71" name="mathi@SURFACESTUDIO 2020-09-25 23:49:07" runUser="SURFACESTUDIO\mathi" xmlns="http://microsoft.com/schemas/VisualStudio/TeamTest/2010">
  <Times creation="2020-09-25T23:49:07.6391800+02:00" queuing="2020-09-25T23:49:07.6391818+02:00" start="2020-09-25T23:49:06.4524453+02:00" finish="2020-09-25T23:49:07.6705261+02:00" />
  <TestSettings name="default" id="95e16264-6eef-4dca-a127-62d18a81a43f">
    <Deployment runDeploymentRoot="mathi_SURFACESTUDIO_2020-09-25_23_49_07" />
  </TestSettings>
  <Results>
    <UnitTestResult executionId="9155a42c-74b9-4b47-8652-5a4fb624c823" testId="0e0a8bd4-a2cb-3be0-672d-4d8d034fa3d7" testName="PostWithProductWithNegativePriceReturnsBadResult" computerName="SURFACESTUDIO" duration="00:00:00.0010000" startTime="2020-09-25T23:49:07.0000000+02:00" endTime="2020-09-25T23:49:07.0000000+02:00" testType="13cdc9d9-ddb5-4fa4-a97d-d965ccfc6d4b" outcome="Passed" testListId="8c84fa94-04c1-424b-9868-57a2d4851a1d" relativeResultsDirectory="9155a42c-74b9-4b47-8652-5a4fb624c823" />
    <UnitTestResult executionId="4b05220e-099c-449c-8356-bb36852260df" testId="3c02c317-3204-0e70-6fcb-f022f17b4295" testName="GetOneSucceeds" computerName="SURFACESTUDIO" duration="00:00:00.1070000" startTime="2020-09-25T23:49:07.0000000+02:00" endTime="2020-09-25T23:49:07.0000000+02:00" testType="13cdc9d9-ddb5-4fa4-a97d-d965ccfc6d4b" outcome="Passed" testListId="8c84fa94-04c1-424b-9868-57a2d4851a1d" relativeResultsDirectory="4b05220e-099c-449c-8356-bb36852260df" />
    <UnitTestResult executionId="808a03a3-c2c0-420a-905b-428a92e609cc" testId="fdf9080c-2a2d-d9b4-0b67-8dbb7644d8d5" testName="PostSucceedsReturnsCorrectRoute" computerName="SURFACESTUDIO" duration="00:00:00.0140000" startTime="2020-09-25T23:49:07.0000000+02:00" endTime="2020-09-25T23:49:07.0000000+02:00" testType="13cdc9d9-ddb5-4fa4-a97d-d965ccfc6d4b" outcome="Passed" testListId="8c84fa94-04c1-424b-9868-57a2d4851a1d" relativeResultsDirectory="808a03a3-c2c0-420a-905b-428a92e609cc" />
    <UnitTestResult executionId="32f1b307-4e96-44f5-832e-784d9e4e2782" testId="ac62a436-6074-0682-48c2-7ac85a36652a" testName="IsExactlyExpensive" computerName="SURFACESTUDIO" duration="00:00:00.0010000" startTime="2020-09-25T23:49:07.0000000+02:00" endTime="2020-09-25T23:49:07.0000000+02:00" testType="13cdc9d9-ddb5-4fa4-a97d-d965ccfc6d4b" outcome="Passed" testListId="8c84fa94-04c1-424b-9868-57a2d4851a1d" relativeResultsDirectory="32f1b307-4e96-44f5-832e-784d9e4e2782" />
    <UnitTestResult executionId="a2b52ced-7416-4bfc-948a-90b9f30f92f0" testId="258b1fbb-4458-5600-7940-7a413329711e" testName="PostSucceedsSavesToRepository" computerName="SURFACESTUDIO" duration="00:00:00.0080000" startTime="2020-09-25T23:49:07.0000000+02:00" endTime="2020-09-25T23:49:07.0000000+02:00" testType="13cdc9d9-ddb5-4fa4-a97d-d965ccfc6d4b" outcome="Passed" testListId="8c84fa94-04c1-424b-9868-57a2d4851a1d" relativeResultsDirectory="a2b52ced-7416-4bfc-948a-90b9f30f92f0" />
    <UnitTestResult executionId="92331428-2bbb-4e06-bec2-5318f12690e2" testId="cccc7d30-0f16-d326-7d5b-631e10899ea5" testName="PostSucceedsReturnsCorrectStatusCode" computerName="SURFACESTUDIO" duration="00:00:00.0020000" startTime="2020-09-25T23:49:07.0000000+02:00" endTime="2020-09-25T23:49:07.0000000+02:00" testType="13cdc9d9-ddb5-4fa4-a97d-d965ccfc6d4b" outcome="Passed" testListId="8c84fa94-04c1-424b-9868-57a2d4851a1d" relativeResultsDirectory="92331428-2bbb-4e06-bec2-5318f12690e2" />
    <UnitTestResult executionId="b88b65c3-2770-4716-bffd-bae23e1b0508" testId="451156b4-2604-04d1-9653-b269393d2ca1" testName="IsNotExpensive" computerName="SURFACESTUDIO" duration="00:00:00.0000001" startTime="2020-09-25T23:49:07.0000000+02:00" endTime="2020-09-25T23:49:07.0000000+02:00" testType="13cdc9d9-ddb5-4fa4-a97d-d965ccfc6d4b" outcome="Passed" testListId="8c84fa94-04c1-424b-9868-57a2d4851a1d" relativeResultsDirectory="b88b65c3-2770-4716-bffd-bae23e1b0508" />
    <UnitTestResult executionId="2bceffab-ebec-4167-be16-d196c233ed4b" testId="d8be83ea-019e-ff3d-5b7e-dc8236f951ea" testName="PostSucceedsReturnsProduct" computerName="SURFACESTUDIO" duration="00:00:00.0010000" startTime="2020-09-25T23:49:07.0000000+02:00" endTime="2020-09-25T23:49:07.0000000+02:00" testType="13cdc9d9-ddb5-4fa4-a97d-d965ccfc6d4b" outcome="Passed" testListId="8c84fa94-04c1-424b-9868-57a2d4851a1d" relativeResultsDirectory="2bceffab-ebec-4167-be16-d196c233ed4b" />
    <UnitTestResult executionId="e4a381a1-ea5f-4e38-b2b3-eca48100149c" testId="f697f414-fe0f-3b52-14f0-d2c3ae909bb4" testName="GetAllSucceeds" computerName="SURFACESTUDIO" duration="00:00:00.1340000" startTime="2020-09-25T23:49:07.0000000+02:00" endTime="2020-09-25T23:49:07.0000000+02:00" testType="13cdc9d9-ddb5-4fa4-a97d-d965ccfc6d4b" outcome="Passed" testListId="8c84fa94-04c1-424b-9868-57a2d4851a1d" relativeResultsDirectory="e4a381a1-ea5f-4e38-b2b3-eca48100149c" />
    <UnitTestResult executionId="cbe26e54-de6f-4d21-8f80-6154a66474c5" testId="946041bc-837d-50b6-75c5-9ebac3dac3bd" testName="IsExpensive" computerName="SURFACESTUDIO" duration="00:00:00.0000001" startTime="2020-09-25T23:49:07.0000000+02:00" endTime="2020-09-25T23:49:07.0000000+02:00" testType="13cdc9d9-ddb5-4fa4-a97d-d965ccfc6d4b" outcome="Passed" testListId="8c84fa94-04c1-424b-9868-57a2d4851a1d" relativeResultsDirectory="cbe26e54-de6f-4d21-8f80-6154a66474c5" />
  </Results>
  <TestDefinitions>
    <UnitTest name="GetOneSucceeds" storage="c:\users\mathi\source\repos\aspnetcore-tests-sample\test\unittests\bin\debug\netcoreapp2.2\unittests.dll" id="3c02c317-3204-0e70-6fcb-f022f17b4295">
      <Execution id="4b05220e-099c-449c-8356-bb36852260df" />
      <TestMethod codeBase="C:\Users\mathi\source\repos\aspnetcore-tests-sample\test\UnitTests\bin\Debug\netcoreapp2.2\UnitTests.dll" adapterTypeName="executor://nunit3testexecutor/" className="UnitTests.ProductControllerTests" name="GetOneSucceeds" />
    </UnitTest>
    <UnitTest name="PostSucceedsSavesToRepository" storage="c:\users\mathi\source\repos\aspnetcore-tests-sample\test\unittests\bin\debug\netcoreapp2.2\unittests.dll" id="258b1fbb-4458-5600-7940-7a413329711e">
      <Execution id="a2b52ced-7416-4bfc-948a-90b9f30f92f0" />
      <TestMethod codeBase="C:\Users\mathi\source\repos\aspnetcore-tests-sample\test\UnitTests\bin\Debug\netcoreapp2.2\UnitTests.dll" adapterTypeName="executor://nunit3testexecutor/" className="UnitTests.ProductControllerTests" name="PostSucceedsSavesToRepository" />
    </UnitTest>
    <UnitTest name="IsExpensive" storage="c:\users\mathi\source\repos\aspnetcore-tests-sample\test\unittests\bin\debug\netcoreapp2.2\unittests.dll" id="946041bc-837d-50b6-75c5-9ebac3dac3bd">
      <Execution id="cbe26e54-de6f-4d21-8f80-6154a66474c5" />
      <TestMethod codeBase="C:\Users\mathi\source\repos\aspnetcore-tests-sample\test\UnitTests\bin\Debug\netcoreapp2.2\UnitTests.dll" adapterTypeName="executor://nunit3testexecutor/" className="UnitTests.ProductTests" name="IsExpensive" />
    </UnitTest>
    <UnitTest name="IsNotExpensive" storage="c:\users\mathi\source\repos\aspnetcore-tests-sample\test\unittests\bin\debug\netcoreapp2.2\unittests.dll" id="451156b4-2604-04d1-9653-b269393d2ca1">
      <Execution id="b88b65c3-2770-4716-bffd-bae23e1b0508" />
      <TestMethod codeBase="C:\Users\mathi\source\repos\aspnetcore-tests-sample\test\UnitTests\bin\Debug\netcoreapp2.2\UnitTests.dll" adapterTypeName="executor://nunit3testexecutor/" className="UnitTests.ProductTests" name="IsNotExpensive" />
    </UnitTest>
    <UnitTest name="GetAllSucceeds" storage="c:\users\mathi\source\repos\aspnetcore-tests-sample\test\unittests\bin\debug\netcoreapp2.2\unittests.dll" id="f697f414-fe0f-3b52-14f0-d2c3ae909bb4">
      <Execution id="e4a381a1-ea5f-4e38-b2b3-eca48100149c" />
      <TestMethod codeBase="C:\Users\mathi\source\repos\aspnetcore-tests-sample\test\UnitTests\bin\Debug\netcoreapp2.2\UnitTests.dll" adapterTypeName="executor://nunit3testexecutor/" className="UnitTests.ProductControllerTests" name="GetAllSucceeds" />
    </UnitTest>
    <UnitTest name="IsExactlyExpensive" storage="c:\users\mathi\source\repos\aspnetcore-tests-sample\test\unittests\bin\debug\netcoreapp2.2\unittests.dll" id="ac62a436-6074-0682-48c2-7ac85a36652a">
      <Execution id="32f1b307-4e96-44f5-832e-784d9e4e2782" />
      <TestMethod codeBase="C:\Users\mathi\source\repos\aspnetcore-tests-sample\test\UnitTests\bin\Debug\netcoreapp2.2\UnitTests.dll" adapterTypeName="executor://nunit3testexecutor/" className="UnitTests.ProductTests" name="IsExactlyExpensive" />
    </UnitTest>
    <UnitTest name="PostSucceedsReturnsProduct" storage="c:\users\mathi\source\repos\aspnetcore-tests-sample\test\unittests\bin\debug\netcoreapp2.2\unittests.dll" id="d8be83ea-019e-ff3d-5b7e-dc8236f951ea">
      <Execution id="2bceffab-ebec-4167-be16-d196c233ed4b" />
      <TestMethod codeBase="C:\Users\mathi\source\repos\aspnetcore-tests-sample\test\UnitTests\bin\Debug\netcoreapp2.2\UnitTests.dll" adapterTypeName="executor://nunit3testexecutor/" className="UnitTests.ProductControllerTests" name="PostSucceedsReturnsProduct" />
    </UnitTest>
    <UnitTest name="PostSucceedsReturnsCorrectStatusCode" storage="c:\users\mathi\source\repos\aspnetcore-tests-sample\test\unittests\bin\debug\netcoreapp2.2\unittests.dll" id="cccc7d30-0f16-d326-7d5b-631e10899ea5">
      <Execution id="92331428-2bbb-4e06-bec2-5318f12690e2" />
      <TestMethod codeBase="C:\Users\mathi\source\repos\aspnetcore-tests-sample\test\UnitTests\bin\Debug\netcoreapp2.2\UnitTests.dll" adapterTypeName="executor://nunit3testexecutor/" className="UnitTests.ProductControllerTests" name="PostSucceedsReturnsCorrectStatusCode" />
    </UnitTest>
    <UnitTest name="PostWithProductWithNegativePriceReturnsBadResult" storage="c:\users\mathi\source\repos\aspnetcore-tests-sample\test\unittests\bin\debug\netcoreapp2.2\unittests.dll" id="0e0a8bd4-a2cb-3be0-672d-4d8d034fa3d7">
      <Execution id="9155a42c-74b9-4b47-8652-5a4fb624c823" />
      <TestMethod codeBase="C:\Users\mathi\source\repos\aspnetcore-tests-sample\test\UnitTests\bin\Debug\netcoreapp2.2\UnitTests.dll" adapterTypeName="executor://nunit3testexecutor/" className="UnitTests.ProductControllerTests" name="PostWithProductWithNegativePriceReturnsBadResult" />
    </UnitTest>
    <UnitTest name="PostSucceedsReturnsCorrectRoute" storage="c:\users\mathi\source\repos\aspnetcore-tests-sample\test\unittests\bin\debug\netcoreapp2.2\unittests.dll" id="fdf9080c-2a2d-d9b4-0b67-8dbb7644d8d5">
      <Execution id="808a03a3-c2c0-420a-905b-428a92e609cc" />
      <TestMethod codeBase="C:\Users\mathi\source\repos\aspnetcore-tests-sample\test\UnitTests\bin\Debug\netcoreapp2.2\UnitTests.dll" adapterTypeName="executor://nunit3testexecutor/" className="UnitTests.ProductControllerTests" name="PostSucceedsReturnsCorrectRoute" />
    </UnitTest>
  </TestDefinitions>
  <TestEntries>
    <TestEntry testId="0e0a8bd4-a2cb-3be0-672d-4d8d034fa3d7" executionId="9155a42c-74b9-4b47-8652-5a4fb624c823" testListId="8c84fa94-04c1-424b-9868-57a2d4851a1d" />
    <TestEntry testId="3c02c317-3204-0e70-6fcb-f022f17b4295" executionId="4b05220e-099c-449c-8356-bb36852260df" testListId="8c84fa94-04c1-424b-9868-57a2d4851a1d" />
    <TestEntry testId="fdf9080c-2a2d-d9b4-0b67-8dbb7644d8d5" executionId="808a03a3-c2c0-420a-905b-428a92e609cc" testListId="8c84fa94-04c1-424b-9868-57a2d4851a1d" />
    <TestEntry testId="ac62a436-6074-0682-48c2-7ac85a36652a" executionId="32f1b307-4e96-44f5-832e-784d9e4e2782" testListId="8c84fa94-04c1-424b-9868-57a2d4851a1d" />
    <TestEntry testId="258b1fbb-4458-5600-7940-7a413329711e" executionId="a2b52ced-7416-4bfc-948a-90b9f30f92f0" testListId="8c84fa94-04c1-424b-9868-57a2d4851a1d" />
    <TestEntry testId="cccc7d30-0f16-d326-7d5b-631e10899ea5" executionId="92331428-2bbb-4e06-bec2-5318f12690e2" testListId="8c84fa94-04c1-424b-9868-57a2d4851a1d" />
    <TestEntry testId="451156b4-2604-04d1-9653-b269393d2ca1" executionId="b88b65c3-2770-4716-bffd-bae23e1b0508" testListId="8c84fa94-04c1-424b-9868-57a2d4851a1d" />
    <TestEntry testId="d8be83ea-019e-ff3d-5b7e-dc8236f951ea" executionId="2bceffab-ebec-4167-be16-d196c233ed4b" testListId="8c84fa94-04c1-424b-9868-57a2d4851a1d" />
    <TestEntry testId="f697f414-fe0f-3b52-14f0-d2c3ae909bb4" executionId="e4a381a1-ea5f-4e38-b2b3-eca48100149c" testListId="8c84fa94-04c1-424b-9868-57a2d4851a1d" />
    <TestEntry testId="946041bc-837d-50b6-75c5-9ebac3dac3bd" executionId="cbe26e54-de6f-4d21-8f80-6154a66474c5" testListId="8c84fa94-04c1-424b-9868-57a2d4851a1d" />
  </TestEntries>
  <TestLists>
    <TestList name="Results Not in a List" id="8c84fa94-04c1-424b-9868-57a2d4851a1d" />
    <TestList name="All Loaded Results" id="19431567-8539-422a-85d7-44ee4e166bda" />
  </TestLists>
  <ResultSummary outcome="Completed">
    <Counters total="10" executed="10" passed="10" failed="0" error="0" timeout="0" aborted="0" inconclusive="0" passedButRunAborted="0" notRunnable="0" notExecuted="0" disconnected="0" warning="0" completed="0" inProgress="0" pending="0" />
    <Output>
      <StdOut>NUnit Adapter 3.13.0.0: Test execution started&#xD;
Running all tests in C:\Users\mathi\source\repos\aspnetcore-tests-sample\test\UnitTests\bin\Debug\netcoreapp2.2\UnitTests.dll&#xD;
   NUnit3TestExecutor converted 10 of 10 NUnit test cases&#xD;
NUnit Adapter 3.13.0.0: Test execution complete&#xD;
</StdOut>
    </Output>
  </ResultSummary>
</TestRun>